<?xml version="1.0" encoding="UTF-8"?>
<!-- Generated by org.testng.reporters.JUnitReportReporter -->
<testsuite hostname="DML-ADang" failures="0" tests="1" name="demo.API.JiraTest" time="1.702" errors="0" timestamp="2022-10-12T16:05:19 IST" skipped="0">
  <testcase classname="demo.API.JiraTest" name="addComments" time="1.702"/>
  <system-out/>
</testsuite> <!-- demo.API.JiraTest -->
