<?xml version="1.0" encoding="UTF-8"?>
<!-- Generated by org.testng.reporters.JUnitReportReporter -->
<testsuite hostname="DML-ADang" failures="0" tests="1" name="demo.API.Base" time="60.156" errors="0" timestamp="2023-06-01T15:34:49 IST" skipped="0">
  <testcase classname="demo.API.Base" name="EmailValidation" time="60.156"/>
  <system-out>
    <![CDATA[Login Successfully
File Uploaded
Email send successfully
Received Email Validated
Attachment downloaded]]>
  </system-out>
</testsuite> <!-- demo.API.Base -->
