<?xml version="1.0" encoding="UTF-8"?>
<!-- Generated by org.testng.reporters.JUnitReportReporter -->
<testsuite hostname="DML-ADang" failures="0" tests="1" name="demo.API.LibraryApi" time="1.220" errors="0" timestamp="2022-10-10T15:11:50 IST" skipped="0">
  <testcase classname="demo.API.LibraryApi" name="addBook" time="1.220"/>
  <system-out/>
</testsuite> <!-- demo.API.LibraryApi -->
