<?xml version="1.0" encoding="UTF-8"?>
<!-- Generated by org.testng.reporters.JUnitReportReporter -->
<testsuite hostname="DML-ADang" failures="0" tests="1" name="demo.API.ComplexValidations" time="1.791" errors="0" timestamp="2022-10-10T14:31:37 IST" skipped="0">
  <testcase classname="demo.API.ComplexValidations" name="Runner" time="1.791"/>
  <system-out/>
</testsuite> <!-- demo.API.ComplexValidations -->
